<?xml version="1.0" encoding="UTF-8"?>
<!-- Generated by org.testng.reporters.JUnitXMLReporter -->
<testsuite hostname="DERIW42SLPC1327" ignored="0" name="Test" tests="5" failures="0" timestamp="27 Dec 2018 06:57:41 GMT" time="0.103" errors="0">
  <testcase name="test2" time="0.01" classname="seleniumDay1.TC_Flight_02"/>
  <testcase name="test3" time="0.003" classname="seleniumDay1.TC_Flight_02"/>
  <testcase name="test3" time="0.003" classname="seleniumDay1.TC_Flight_03"/>
  <testcase name="test1" time="0.006" classname="seleniumDay1.TC_Flight_01"/>
  <testcase name="test2" time="0.002" classname="seleniumDay1.TC_Flight_01"/>
</testsuite> <!-- Test -->
