<?xml version="1.0" encoding="UTF-8"?>
<testng-results skipped="0" failed="0" ignored="0" total="1" passed="1">
  <reporter-output>
  </reporter-output>
  <suite name="Suite" duration-ms="17938" started-at="2019-01-11T03:35:24Z" finished-at="2019-01-11T03:35:42Z">
    <groups>
    </groups>
    <test name="Test" duration-ms="17938" started-at="2019-01-11T03:35:24Z" finished-at="2019-01-11T03:35:42Z">
      <class name="SampleGroup.Tc_Login">
        <test-method status="PASS" signature="test1()[pri:0, instance:SampleGroup.Tc_Login@3796751b]" name="test1" duration-ms="17890" started-at="2019-01-11T09:05:24Z" finished-at="2019-01-11T09:05:42Z">
          <reporter-output>
          </reporter-output>
        </test-method> <!-- test1 -->
      </class> <!-- SampleGroup.Tc_Login -->
    </test> <!-- Test -->
  </suite> <!-- Suite -->
</testng-results>
