<?xml version="1.0" encoding="UTF-8"?>
<testng-results skipped="0" failed="0" ignored="0" total="1" passed="1">
  <reporter-output>
  </reporter-output>
  <suite name="Suite" duration-ms="10235" started-at="2019-01-09T04:05:56Z" finished-at="2019-01-09T04:06:06Z">
    <groups>
    </groups>
    <test name="Test" duration-ms="10235" started-at="2019-01-09T04:05:56Z" finished-at="2019-01-09T04:06:06Z">
      <class name="SampleGroup.Tc_Login">
        <test-method status="PASS" signature="test1()[pri:0, instance:SampleGroup.Tc_Login@55f3ddb1]" name="test1" duration-ms="10192" started-at="2019-01-09T09:35:56Z" finished-at="2019-01-09T09:36:06Z">
          <reporter-output>
          </reporter-output>
        </test-method> <!-- test1 -->
      </class> <!-- SampleGroup.Tc_Login -->
    </test> <!-- Test -->
  </suite> <!-- Suite -->
</testng-results>
