<?xml version="1.0" encoding="UTF-8"?>
<testng-results skipped="0" failed="0" ignored="0" total="10" passed="10">
  <reporter-output>
  </reporter-output>
  <suite name="Suite" duration-ms="329" started-at="2018-12-27T06:57:40Z" finished-at="2018-12-27T06:57:41Z">
    <groups>
    </groups>
    <test name="Test" duration-ms="103" started-at="2018-12-27T06:57:40Z" finished-at="2018-12-27T06:57:40Z">
      <class name="seleniumDay1.TC_Flight_01">
        <test-method status="PASS" signature="beforemethod()[pri:0, instance:seleniumDay1.TC_Flight_01@4a87761d]" name="beforemethod" is-config="true" duration-ms="1" started-at="2018-12-27T12:27:40Z" finished-at="2018-12-27T12:27:40Z">
          <reporter-output>
          </reporter-output>
        </test-method> <!-- beforemethod -->
        <test-method status="PASS" signature="test1(java.lang.String)[pri:0, instance:seleniumDay1.TC_Flight_01@4a87761d]" name="test1" duration-ms="6" started-at="2018-12-27T12:27:40Z" finished-at="2018-12-27T12:27:40Z">
          <params>
            <param index="0">
              <value>
                <![CDATA[firefox]]>
              </value>
            </param>
          </params>
          <reporter-output>
          </reporter-output>
        </test-method> <!-- test1 -->
        <test-method status="PASS" signature="aftermethod()[pri:0, instance:seleniumDay1.TC_Flight_01@4a87761d]" name="aftermethod" is-config="true" duration-ms="0" started-at="2018-12-27T12:27:40Z" finished-at="2018-12-27T12:27:40Z">
          <reporter-output>
          </reporter-output>
        </test-method> <!-- aftermethod -->
        <test-method status="PASS" signature="beforemethod()[pri:0, instance:seleniumDay1.TC_Flight_01@4a87761d]" name="beforemethod" is-config="true" duration-ms="1" started-at="2018-12-27T12:27:40Z" finished-at="2018-12-27T12:27:40Z">
          <reporter-output>
          </reporter-output>
        </test-method> <!-- beforemethod -->
        <test-method status="PASS" signature="test2()[pri:0, instance:seleniumDay1.TC_Flight_01@4a87761d]" name="test2" duration-ms="2" started-at="2018-12-27T12:27:40Z" finished-at="2018-12-27T12:27:40Z">
          <reporter-output>
          </reporter-output>
        </test-method> <!-- test2 -->
        <test-method status="PASS" signature="aftermethod()[pri:0, instance:seleniumDay1.TC_Flight_01@4a87761d]" name="aftermethod" is-config="true" duration-ms="1" started-at="2018-12-27T12:27:40Z" finished-at="2018-12-27T12:27:40Z">
          <reporter-output>
          </reporter-output>
        </test-method> <!-- aftermethod -->
      </class> <!-- seleniumDay1.TC_Flight_01 -->
      <class name="seleniumDay1.TC_Flight_02">
        <test-method status="PASS" signature="beforeclass()[pri:0, instance:seleniumDay1.TC_Flight_02@8646db9]" name="beforeclass" is-config="true" duration-ms="0" started-at="2018-12-27T12:27:40Z" finished-at="2018-12-27T12:27:40Z">
          <reporter-output>
          </reporter-output>
        </test-method> <!-- beforeclass -->
        <test-method status="PASS" signature="beforemethod()[pri:0, instance:seleniumDay1.TC_Flight_02@8646db9]" name="beforemethod" is-config="true" duration-ms="0" started-at="2018-12-27T12:27:40Z" finished-at="2018-12-27T12:27:40Z">
          <reporter-output>
          </reporter-output>
        </test-method> <!-- beforemethod -->
        <test-method status="PASS" signature="test2()[pri:0, instance:seleniumDay1.TC_Flight_02@8646db9]" name="test2" duration-ms="10" started-at="2018-12-27T12:27:40Z" finished-at="2018-12-27T12:27:40Z">
          <reporter-output>
          </reporter-output>
        </test-method> <!-- test2 -->
        <test-method status="PASS" signature="aftermethod()[pri:0, instance:seleniumDay1.TC_Flight_02@8646db9]" name="aftermethod" is-config="true" duration-ms="1" started-at="2018-12-27T12:27:40Z" finished-at="2018-12-27T12:27:40Z">
          <reporter-output>
          </reporter-output>
        </test-method> <!-- aftermethod -->
        <test-method status="PASS" signature="beforemethod()[pri:0, instance:seleniumDay1.TC_Flight_02@8646db9]" name="beforemethod" is-config="true" duration-ms="0" started-at="2018-12-27T12:27:40Z" finished-at="2018-12-27T12:27:40Z">
          <reporter-output>
          </reporter-output>
        </test-method> <!-- beforemethod -->
        <test-method status="PASS" signature="test3(java.lang.String)[pri:0, instance:seleniumDay1.TC_Flight_02@8646db9]" name="test3" duration-ms="3" started-at="2018-12-27T12:27:40Z" finished-at="2018-12-27T12:27:40Z">
          <params>
            <param index="0">
              <value>
                <![CDATA[firefox]]>
              </value>
            </param>
          </params>
          <reporter-output>
          </reporter-output>
        </test-method> <!-- test3 -->
        <test-method status="PASS" signature="aftermethod()[pri:0, instance:seleniumDay1.TC_Flight_02@8646db9]" name="aftermethod" is-config="true" duration-ms="3" started-at="2018-12-27T12:27:40Z" finished-at="2018-12-27T12:27:40Z">
          <reporter-output>
          </reporter-output>
        </test-method> <!-- aftermethod -->
        <test-method status="PASS" signature="afterclass()[pri:0, instance:seleniumDay1.TC_Flight_02@8646db9]" name="afterclass" is-config="true" duration-ms="2" started-at="2018-12-27T12:27:40Z" finished-at="2018-12-27T12:27:40Z">
          <reporter-output>
          </reporter-output>
        </test-method> <!-- afterclass -->
      </class> <!-- seleniumDay1.TC_Flight_02 -->
      <class name="seleniumDay1.TC_Flight_03">
        <test-method status="PASS" signature="beforetest()[pri:0, instance:seleniumDay1.TC_Flight_03@66d1af89]" name="beforetest" is-config="true" duration-ms="1" started-at="2018-12-27T12:27:40Z" finished-at="2018-12-27T12:27:40Z">
          <reporter-output>
          </reporter-output>
        </test-method> <!-- beforetest -->
        <test-method status="PASS" signature="beforemethod()[pri:0, instance:seleniumDay1.TC_Flight_03@66d1af89]" name="beforemethod" is-config="true" duration-ms="1" started-at="2018-12-27T12:27:40Z" finished-at="2018-12-27T12:27:40Z">
          <reporter-output>
          </reporter-output>
        </test-method> <!-- beforemethod -->
        <test-method status="PASS" signature="test3(java.lang.String)[pri:0, instance:seleniumDay1.TC_Flight_03@66d1af89]" name="test3" duration-ms="3" started-at="2018-12-27T12:27:40Z" finished-at="2018-12-27T12:27:40Z">
          <params>
            <param index="0">
              <value>
                <![CDATA[firefox]]>
              </value>
            </param>
          </params>
          <reporter-output>
          </reporter-output>
        </test-method> <!-- test3 -->
        <test-method status="PASS" signature="aftermethod()[pri:0, instance:seleniumDay1.TC_Flight_03@66d1af89]" name="aftermethod" is-config="true" duration-ms="1" started-at="2018-12-27T12:27:40Z" finished-at="2018-12-27T12:27:40Z">
          <reporter-output>
          </reporter-output>
        </test-method> <!-- aftermethod -->
        <test-method status="PASS" signature="aftertest()[pri:0, instance:seleniumDay1.TC_Flight_03@66d1af89]" name="aftertest" is-config="true" duration-ms="1" started-at="2018-12-27T12:27:40Z" finished-at="2018-12-27T12:27:40Z">
          <reporter-output>
          </reporter-output>
        </test-method> <!-- aftertest -->
      </class> <!-- seleniumDay1.TC_Flight_03 -->
    </test> <!-- Test -->
    <test name="Test2" duration-ms="46" started-at="2018-12-27T06:57:41Z" finished-at="2018-12-27T06:57:41Z">
      <class name="seleniumDay1.TC_Flight_01">
        <test-method status="PASS" signature="beforesuite()[pri:0, instance:seleniumDay1.TC_Flight_01@a74868d]" name="beforesuite" is-config="true" duration-ms="24" started-at="2018-12-27T12:27:40Z" finished-at="2018-12-27T12:27:40Z">
          <reporter-output>
          </reporter-output>
        </test-method> <!-- beforesuite -->
        <test-method status="PASS" signature="beforemethod()[pri:0, instance:seleniumDay1.TC_Flight_01@a74868d]" name="beforemethod" is-config="true" duration-ms="9" started-at="2018-12-27T12:27:41Z" finished-at="2018-12-27T12:27:41Z">
          <reporter-output>
          </reporter-output>
        </test-method> <!-- beforemethod -->
        <test-method status="PASS" signature="test1(java.lang.String)[pri:0, instance:seleniumDay1.TC_Flight_01@a74868d]" name="test1" duration-ms="3" started-at="2018-12-27T12:27:41Z" finished-at="2018-12-27T12:27:41Z">
          <params>
            <param index="0">
              <value>
                <![CDATA[Chrome]]>
              </value>
            </param>
          </params>
          <reporter-output>
          </reporter-output>
        </test-method> <!-- test1 -->
        <test-method status="PASS" signature="aftermethod()[pri:0, instance:seleniumDay1.TC_Flight_01@a74868d]" name="aftermethod" is-config="true" duration-ms="1" started-at="2018-12-27T12:27:41Z" finished-at="2018-12-27T12:27:41Z">
          <reporter-output>
          </reporter-output>
        </test-method> <!-- aftermethod -->
        <test-method status="PASS" signature="beforemethod()[pri:0, instance:seleniumDay1.TC_Flight_01@a74868d]" name="beforemethod" is-config="true" duration-ms="1" started-at="2018-12-27T12:27:41Z" finished-at="2018-12-27T12:27:41Z">
          <reporter-output>
          </reporter-output>
        </test-method> <!-- beforemethod -->
        <test-method status="PASS" signature="test2()[pri:0, instance:seleniumDay1.TC_Flight_01@a74868d]" name="test2" duration-ms="2" started-at="2018-12-27T12:27:41Z" finished-at="2018-12-27T12:27:41Z">
          <reporter-output>
          </reporter-output>
        </test-method> <!-- test2 -->
        <test-method status="PASS" signature="aftermethod()[pri:0, instance:seleniumDay1.TC_Flight_01@a74868d]" name="aftermethod" is-config="true" duration-ms="2" started-at="2018-12-27T12:27:41Z" finished-at="2018-12-27T12:27:41Z">
          <reporter-output>
          </reporter-output>
        </test-method> <!-- aftermethod -->
        <test-method status="PASS" signature="aftersuite()[pri:0, instance:seleniumDay1.TC_Flight_01@a74868d]" name="aftersuite" is-config="true" duration-ms="0" started-at="2018-12-27T12:27:41Z" finished-at="2018-12-27T12:27:41Z">
          <reporter-output>
          </reporter-output>
        </test-method> <!-- aftersuite -->
      </class> <!-- seleniumDay1.TC_Flight_01 -->
      <class name="seleniumDay1.TC_Flight_02">
        <test-method status="PASS" signature="beforeclass()[pri:0, instance:seleniumDay1.TC_Flight_02@7e0e6aa2]" name="beforeclass" is-config="true" duration-ms="0" started-at="2018-12-27T12:27:41Z" finished-at="2018-12-27T12:27:41Z">
          <reporter-output>
          </reporter-output>
        </test-method> <!-- beforeclass -->
        <test-method status="PASS" signature="test2()[pri:0, instance:seleniumDay1.TC_Flight_02@7e0e6aa2]" name="test2" duration-ms="2" started-at="2018-12-27T12:27:41Z" finished-at="2018-12-27T12:27:41Z">
          <reporter-output>
          </reporter-output>
        </test-method> <!-- test2 -->
        <test-method status="PASS" signature="beforemethod()[pri:0, instance:seleniumDay1.TC_Flight_02@7e0e6aa2]" name="beforemethod" is-config="true" duration-ms="0" started-at="2018-12-27T12:27:41Z" finished-at="2018-12-27T12:27:41Z">
          <reporter-output>
          </reporter-output>
        </test-method> <!-- beforemethod -->
        <test-method status="PASS" signature="aftermethod()[pri:0, instance:seleniumDay1.TC_Flight_02@7e0e6aa2]" name="aftermethod" is-config="true" duration-ms="1" started-at="2018-12-27T12:27:41Z" finished-at="2018-12-27T12:27:41Z">
          <reporter-output>
          </reporter-output>
        </test-method> <!-- aftermethod -->
        <test-method status="PASS" signature="beforemethod()[pri:0, instance:seleniumDay1.TC_Flight_02@7e0e6aa2]" name="beforemethod" is-config="true" duration-ms="1" started-at="2018-12-27T12:27:41Z" finished-at="2018-12-27T12:27:41Z">
          <reporter-output>
          </reporter-output>
        </test-method> <!-- beforemethod -->
        <test-method status="PASS" signature="test3(java.lang.String)[pri:0, instance:seleniumDay1.TC_Flight_02@7e0e6aa2]" name="test3" duration-ms="2" started-at="2018-12-27T12:27:41Z" finished-at="2018-12-27T12:27:41Z">
          <params>
            <param index="0">
              <value>
                <![CDATA[Chrome]]>
              </value>
            </param>
          </params>
          <reporter-output>
          </reporter-output>
        </test-method> <!-- test3 -->
        <test-method status="PASS" signature="aftermethod()[pri:0, instance:seleniumDay1.TC_Flight_02@7e0e6aa2]" name="aftermethod" is-config="true" duration-ms="1" started-at="2018-12-27T12:27:41Z" finished-at="2018-12-27T12:27:41Z">
          <reporter-output>
          </reporter-output>
        </test-method> <!-- aftermethod -->
        <test-method status="PASS" signature="afterclass()[pri:0, instance:seleniumDay1.TC_Flight_02@7e0e6aa2]" name="afterclass" is-config="true" duration-ms="0" started-at="2018-12-27T12:27:41Z" finished-at="2018-12-27T12:27:41Z">
          <reporter-output>
          </reporter-output>
        </test-method> <!-- afterclass -->
      </class> <!-- seleniumDay1.TC_Flight_02 -->
      <class name="seleniumDay1.TC_Flight_03">
        <test-method status="PASS" signature="beforetest()[pri:0, instance:seleniumDay1.TC_Flight_03@12c8a2c0]" name="beforetest" is-config="true" duration-ms="0" started-at="2018-12-27T12:27:41Z" finished-at="2018-12-27T12:27:41Z">
          <reporter-output>
          </reporter-output>
        </test-method> <!-- beforetest -->
        <test-method status="PASS" signature="beforemethod()[pri:0, instance:seleniumDay1.TC_Flight_03@12c8a2c0]" name="beforemethod" is-config="true" duration-ms="0" started-at="2018-12-27T12:27:41Z" finished-at="2018-12-27T12:27:41Z">
          <reporter-output>
          </reporter-output>
        </test-method> <!-- beforemethod -->
        <test-method status="PASS" signature="test3(java.lang.String)[pri:0, instance:seleniumDay1.TC_Flight_03@12c8a2c0]" name="test3" duration-ms="2" started-at="2018-12-27T12:27:41Z" finished-at="2018-12-27T12:27:41Z">
          <params>
            <param index="0">
              <value>
                <![CDATA[Chrome]]>
              </value>
            </param>
          </params>
          <reporter-output>
          </reporter-output>
        </test-method> <!-- test3 -->
        <test-method status="PASS" signature="aftermethod()[pri:0, instance:seleniumDay1.TC_Flight_03@12c8a2c0]" name="aftermethod" is-config="true" duration-ms="0" started-at="2018-12-27T12:27:41Z" finished-at="2018-12-27T12:27:41Z">
          <reporter-output>
          </reporter-output>
        </test-method> <!-- aftermethod -->
        <test-method status="PASS" signature="aftertest()[pri:0, instance:seleniumDay1.TC_Flight_03@12c8a2c0]" name="aftertest" is-config="true" duration-ms="1" started-at="2018-12-27T12:27:41Z" finished-at="2018-12-27T12:27:41Z">
          <reporter-output>
          </reporter-output>
        </test-method> <!-- aftertest -->
      </class> <!-- seleniumDay1.TC_Flight_03 -->
    </test> <!-- Test2 -->
  </suite> <!-- Suite -->
</testng-results>
